2025-03-22 07:38:00 | INFO | repo=a4m36jee-2014 | action=commit
2025-11-16 17:00:00 | DEBUG | repo=a4m36jee-2014 | action=commit
2025-06-10 13:20:00 | DEBUG | repo=a4m36jee-2014 | action=pull
2025-01-21 09:12:00 | DEBUG | repo=a4m36jee-2014 | action=edit | files=3
2025-12-07 16:21:00 | INFO | repo=a4m36jee-2014 | action=test | passed=true
2025-06-15 08:53:00 | WARN | repo=a4m36jee-2014 | action=pull
2025-04-26 12:05:00 | DEBUG | repo=a4m36jee-2014 | action=test | passed=true
2025-05-28 08:28:00 | WARN | repo=a4m36jee-2014 | action=commit
2025-10-10 21:48:00 | INFO | repo=a4m36jee-2014 | action=test | passed=true
2025-10-14 21:47:00 | INFO | repo=a4m36jee-2014 | action=edit | files=2
2025-11-06 18:10:00 | INFO | repo=a4m36jee-2014 | action=commit
2025-03-01 17:00:00 | INFO | repo=a4m36jee-2014 | action=pull
2025-07-16 21:20:00 | INFO | repo=a4m36jee-2014 | action=test | passed=true
2025-06-15 14:42:00 | DEBUG | repo=a4m36jee-2014 | action=edit | files=5
2025-11-26 13:17:00 | DEBUG | repo=a4m36jee-2014 | action=test | passed=true
2025-05-12 19:29:00 | WARN | repo=a4m36jee-2014 | action=commit
2025-09-27 20:30:00 | WARN | repo=a4m36jee-2014 | action=commit
2025-01-19 07:33:00 | INFO | repo=a4m36jee-2014 | action=edit | files=3
2025-01-18 07:38:00 | WARN | repo=a4m36jee-2014 | action=edit | files=3
2025-12-14 20:43:00 | WARN | repo=a4m36jee-2014 | action=commit
2025-11-09 12:14:00 | WARN | repo=a4m36jee-2014 | action=commit
2025-09-19 08:54:00 | WARN | repo=a4m36jee-2014 | action=commit
2025-07-07 14:48:00 | INFO | repo=a4m36jee-2014 | action=commit
2025-10-07 20:22:00 | WARN | repo=a4m36jee-2014 | action=commit
2025-10-11 12:44:00 | INFO | repo=a4m36jee-2014 | action=commit
2025-01-03 20:20:00 | INFO | repo=a4m36jee-2014 | action=test | passed=true
2025-02-21 18:33:00 | DEBUG | repo=a4m36jee-2014 | action=commit
2025-03-14 13:24:00 | DEBUG | repo=a4m36jee-2014 | action=commit
